<?xml version="1.0" encoding="UTF-8"?>
<testng-results ignored="0" total="1" passed="1" failed="0" skipped="0">
  <reporter-output>
  </reporter-output>
  <suite started-at="2022-10-07T14:36:36 IST" name="Default suite" finished-at="2022-10-07T14:36:56 IST" duration-ms="19942">
    <groups>
    </groups>
    <test started-at="2022-10-07T14:36:36 IST" name="Default test" finished-at="2022-10-07T14:36:56 IST" duration-ms="19942">
      <class name="mpack.abhibusbooking">
        <test-method signature="abhibusbooking()[pri:0, instance:mpack.abhibusbooking@5119fb47]" started-at="2022-10-07T14:36:36 IST" name="abhibusbooking" finished-at="2022-10-07T14:36:56 IST" duration-ms="19877" status="PASS">
          <reporter-output>
          </reporter-output>
        </test-method> <!-- abhibusbooking -->
      </class> <!-- mpack.abhibusbooking -->
    </test> <!-- Default test -->
  </suite> <!-- Default suite -->
</testng-results>
